2016-06-14 01:37:06 [::1][-][-][error][ReflectionException] exception 'ReflectionException' with message 'Class api\modules\v1\Module does not exist' in C:\xampp\htdocs\yii2-advanced-api\vendor\yiisoft\yii2\di\Container.php:417
Stack trace:
#0 C:\xampp\htdocs\yii2-advanced-api\vendor\yiisoft\yii2\di\Container.php(417): ReflectionClass->__construct('api\\modules\\v1\\...')
#1 C:\xampp\htdocs\yii2-advanced-api\vendor\yiisoft\yii2\di\Container.php(360): yii\di\Container->getDependencies('api\\modules\\v1\\...')
#2 C:\xampp\htdocs\yii2-advanced-api\vendor\yiisoft\yii2\di\Container.php(153): yii\di\Container->build('api\\modules\\v1\\...', Array, Array)
#3 C:\xampp\htdocs\yii2-advanced-api\vendor\yiisoft\yii2\BaseYii.php(344): yii\di\Container->get('api\\modules\\v1\\...', Array, Array)
#4 C:\xampp\htdocs\yii2-advanced-api\vendor\yiisoft\yii2\base\Module.php(353): yii\BaseYii::createObject(Array, Array)
#5 C:\xampp\htdocs\yii2-advanced-api\vendor\yiisoft\yii2\base\Module.php(510): yii\base\Module->getModule('v1')
#6 C:\xampp\htdocs\yii2-advanced-api\vendor\yiisoft\yii2\base\Module.php(448): yii\base\Module->createController('v1/country/inde...')
#7 C:\xampp\htdocs\yii2-advanced-api\vendor\yiisoft\yii2\web\Application.php(84): yii\base\Module->runAction('v1/country/inde...', Array)
#8 C:\xampp\htdocs\yii2-advanced-api\vendor\yiisoft\yii2\base\Application.php(375): yii\web\Application->handleRequest(Object(yii\web\Request))
#9 C:\xampp\htdocs\yii2-advanced-api\api\web\index.php(17): yii\base\Application->run()
#10 {main}
2016-06-14 01:37:06 [::1][-][-][info][application] $_COOKIE = [
    'PHPSESSID' => 'k3d0dgd8pdo5o3j9cqudie85v2'
    '_csrf' => 'f298e0794cc578624cb91bcdd9e78afe1fbcb89c79e0c5453e2c3202d1a89f3ca:2:{i:0;s:5:\"_csrf\";i:1;s:32:\"ZnEh6ETatLGuRFEbsl1LavPYa7sevoFw\";}'
]

$_SERVER = [
    'REDIRECT_MIBDIRS' => 'C:/xampp/php/extras/mibs'
    'REDIRECT_MYSQL_HOME' => '\\xampp\\mysql\\bin'
    'REDIRECT_OPENSSL_CONF' => 'C:/xampp/apache/bin/openssl.cnf'
    'REDIRECT_PHP_PEAR_SYSCONF_DIR' => '\\xampp\\php'
    'REDIRECT_PHPRC' => '\\xampp\\php'
    'REDIRECT_TMP' => '\\xampp\\tmp'
    'REDIRECT_STATUS' => '200'
    'MIBDIRS' => 'C:/xampp/php/extras/mibs'
    'MYSQL_HOME' => '\\xampp\\mysql\\bin'
    'OPENSSL_CONF' => 'C:/xampp/apache/bin/openssl.cnf'
    'PHP_PEAR_SYSCONF_DIR' => '\\xampp\\php'
    'PHPRC' => '\\xampp\\php'
    'TMP' => '\\xampp\\tmp'
    'HTTP_HOST' => 'localhost'
    'HTTP_CONNECTION' => 'keep-alive'
    'HTTP_CACHE_CONTROL' => 'no-cache'
    'HTTP_USER_AGENT' => 'Mozilla/5.0 (Windows NT 6.1; WOW64) AppleWebKit/537.36 (KHTML, like Gecko) Chrome/51.0.2704.84 Safari/537.36'
    'HTTP_POSTMAN_TOKEN' => 'b1b0acae-ec21-88d5-45d8-b760c084509c'
    'HTTP_ACCEPT' => '*/*'
    'HTTP_ACCEPT_ENCODING' => 'gzip, deflate, sdch'
    'HTTP_ACCEPT_LANGUAGE' => 'es-ES,es;q=0.8'
    'HTTP_COOKIE' => 'PHPSESSID=k3d0dgd8pdo5o3j9cqudie85v2; _csrf=f298e0794cc578624cb91bcdd9e78afe1fbcb89c79e0c5453e2c3202d1a89f3ca%3A2%3A%7Bi%3A0%3Bs%3A5%3A%22_csrf%22%3Bi%3A1%3Bs%3A32%3A%22ZnEh6ETatLGuRFEbsl1LavPYa7sevoFw%22%3B%7D'
    'PATH' => 'C:\\ProgramData\\Oracle\\Java\\javapath;C:\\oracle\\product\\11.2.0\\client_1\\bin;c:\\Program Files (x86)\\Intel\\iCLS Client\\;c:\\Program Files\\Intel\\iCLS Client\\;C:\\windows\\system32;C:\\windows;C:\\windows\\System32\\Wbem;C:\\windows\\System32\\WindowsPowerShell\\v1.0\\;C:\\Program Files\\Intel\\Intel(R) Management Engine Components\\DAL;C:\\Program Files\\Intel\\Intel(R) Management Engine Components\\IPT;C:\\Program Files (x86)\\Intel\\Intel(R) Management Engine Components\\DAL;C:\\Program Files (x86)\\Intel\\Intel(R) Management Engine Components\\IPT;C:\\instantclient;C:\\Program Files (x86)\\Microsoft SQL Server\\100\\Tools\\Binn\\;C:\\Program Files\\Microsoft SQL Server\\100\\Tools\\Binn\\;C:\\Program Files\\Microsoft SQL Server\\100\\DTS\\Binn\\;C:\\Program Files (x86)\\Microsoft SQL Server\\100\\Tools\\Binn\\VSShell\\Common7\\IDE\\;C:\\Program Files (x86)\\Microsoft Visual Studio 9.0\\Common7\\IDE\\PrivateAssemblies\\;C:\\Program Files (x86)\\Microsoft SQL Server\\100\\DTS\\Binn\\;C:\\Program Files (x86)\\Microsoft SQL Server Migration Assistant for Oracle\\bin\\;C:\\Program Files\\gradle-2.11\\bin;C:\\Users\\mcorro\\AppData\\Local\\atom\\bin'
    'SystemRoot' => 'C:\\windows'
    'COMSPEC' => 'C:\\windows\\system32\\cmd.exe'
    'PATHEXT' => '.COM;.EXE;.BAT;.CMD;.VBS;.VBE;.JS;.JSE;.WSF;.WSH;.MSC'
    'WINDIR' => 'C:\\windows'
    'SERVER_SIGNATURE' => '<address>Apache/2.4.12 (Win32) OpenSSL/1.0.1m PHP/5.6.11 Server at localhost Port 80</address>
'
    'SERVER_SOFTWARE' => 'Apache/2.4.12 (Win32) OpenSSL/1.0.1m PHP/5.6.11'
    'SERVER_NAME' => 'localhost'
    'SERVER_ADDR' => '::1'
    'SERVER_PORT' => '80'
    'REMOTE_ADDR' => '::1'
    'DOCUMENT_ROOT' => 'C:/xampp/htdocs'
    'REQUEST_SCHEME' => 'http'
    'CONTEXT_PREFIX' => ''
    'CONTEXT_DOCUMENT_ROOT' => 'C:/xampp/htdocs'
    'SERVER_ADMIN' => 'postmaster@localhost'
    'SCRIPT_FILENAME' => 'C:/xampp/htdocs/yii2-advanced-api/api/web/index.php'
    'REMOTE_PORT' => '53133'
    'REDIRECT_URL' => '/yii2-advanced-api/api/web/v1/countries'
    'GATEWAY_INTERFACE' => 'CGI/1.1'
    'SERVER_PROTOCOL' => 'HTTP/1.1'
    'REQUEST_METHOD' => 'GET'
    'QUERY_STRING' => ''
    'REQUEST_URI' => '/yii2-advanced-api/api/web/v1/countries'
    'SCRIPT_NAME' => '/yii2-advanced-api/api/web/index.php'
    'PHP_SELF' => '/yii2-advanced-api/api/web/index.php'
    'REQUEST_TIME_FLOAT' => 1465861026.248
    'REQUEST_TIME' => 1465861026
]
2016-06-14 01:37:38 [::1][-][-][error][yii\web\HttpException:404] exception 'yii\web\NotFoundHttpException' with message 'Page not found.' in C:\xampp\htdocs\yii2-advanced-api\vendor\yiisoft\yii2\web\Request.php:189
Stack trace:
#0 C:\xampp\htdocs\yii2-advanced-api\vendor\yiisoft\yii2\web\Application.php(75): yii\web\Request->resolve()
#1 C:\xampp\htdocs\yii2-advanced-api\vendor\yiisoft\yii2\base\Application.php(375): yii\web\Application->handleRequest(Object(yii\web\Request))
#2 C:\xampp\htdocs\yii2-advanced-api\api\web\index.php(17): yii\base\Application->run()
#3 {main}
2016-06-14 01:37:38 [::1][-][-][info][application] $_COOKIE = [
    'PHPSESSID' => 'k3d0dgd8pdo5o3j9cqudie85v2'
    '_csrf' => 'f298e0794cc578624cb91bcdd9e78afe1fbcb89c79e0c5453e2c3202d1a89f3ca:2:{i:0;s:5:\"_csrf\";i:1;s:32:\"ZnEh6ETatLGuRFEbsl1LavPYa7sevoFw\";}'
]

$_SERVER = [
    'REDIRECT_MIBDIRS' => 'C:/xampp/php/extras/mibs'
    'REDIRECT_MYSQL_HOME' => '\\xampp\\mysql\\bin'
    'REDIRECT_OPENSSL_CONF' => 'C:/xampp/apache/bin/openssl.cnf'
    'REDIRECT_PHP_PEAR_SYSCONF_DIR' => '\\xampp\\php'
    'REDIRECT_PHPRC' => '\\xampp\\php'
    'REDIRECT_TMP' => '\\xampp\\tmp'
    'REDIRECT_STATUS' => '200'
    'MIBDIRS' => 'C:/xampp/php/extras/mibs'
    'MYSQL_HOME' => '\\xampp\\mysql\\bin'
    'OPENSSL_CONF' => 'C:/xampp/apache/bin/openssl.cnf'
    'PHP_PEAR_SYSCONF_DIR' => '\\xampp\\php'
    'PHPRC' => '\\xampp\\php'
    'TMP' => '\\xampp\\tmp'
    'HTTP_HOST' => 'localhost'
    'HTTP_CONNECTION' => 'keep-alive'
    'HTTP_CACHE_CONTROL' => 'no-cache'
    'HTTP_USER_AGENT' => 'Mozilla/5.0 (Windows NT 6.1; WOW64) AppleWebKit/537.36 (KHTML, like Gecko) Chrome/51.0.2704.84 Safari/537.36'
    'HTTP_POSTMAN_TOKEN' => 'ab41a0a7-78fa-31bf-0af5-b7345455ef89'
    'HTTP_ACCEPT' => '*/*'
    'HTTP_ACCEPT_ENCODING' => 'gzip, deflate, sdch'
    'HTTP_ACCEPT_LANGUAGE' => 'es-ES,es;q=0.8'
    'HTTP_COOKIE' => 'PHPSESSID=k3d0dgd8pdo5o3j9cqudie85v2; _csrf=f298e0794cc578624cb91bcdd9e78afe1fbcb89c79e0c5453e2c3202d1a89f3ca%3A2%3A%7Bi%3A0%3Bs%3A5%3A%22_csrf%22%3Bi%3A1%3Bs%3A32%3A%22ZnEh6ETatLGuRFEbsl1LavPYa7sevoFw%22%3B%7D'
    'PATH' => 'C:\\ProgramData\\Oracle\\Java\\javapath;C:\\oracle\\product\\11.2.0\\client_1\\bin;c:\\Program Files (x86)\\Intel\\iCLS Client\\;c:\\Program Files\\Intel\\iCLS Client\\;C:\\windows\\system32;C:\\windows;C:\\windows\\System32\\Wbem;C:\\windows\\System32\\WindowsPowerShell\\v1.0\\;C:\\Program Files\\Intel\\Intel(R) Management Engine Components\\DAL;C:\\Program Files\\Intel\\Intel(R) Management Engine Components\\IPT;C:\\Program Files (x86)\\Intel\\Intel(R) Management Engine Components\\DAL;C:\\Program Files (x86)\\Intel\\Intel(R) Management Engine Components\\IPT;C:\\instantclient;C:\\Program Files (x86)\\Microsoft SQL Server\\100\\Tools\\Binn\\;C:\\Program Files\\Microsoft SQL Server\\100\\Tools\\Binn\\;C:\\Program Files\\Microsoft SQL Server\\100\\DTS\\Binn\\;C:\\Program Files (x86)\\Microsoft SQL Server\\100\\Tools\\Binn\\VSShell\\Common7\\IDE\\;C:\\Program Files (x86)\\Microsoft Visual Studio 9.0\\Common7\\IDE\\PrivateAssemblies\\;C:\\Program Files (x86)\\Microsoft SQL Server\\100\\DTS\\Binn\\;C:\\Program Files (x86)\\Microsoft SQL Server Migration Assistant for Oracle\\bin\\;C:\\Program Files\\gradle-2.11\\bin;C:\\Users\\mcorro\\AppData\\Local\\atom\\bin'
    'SystemRoot' => 'C:\\windows'
    'COMSPEC' => 'C:\\windows\\system32\\cmd.exe'
    'PATHEXT' => '.COM;.EXE;.BAT;.CMD;.VBS;.VBE;.JS;.JSE;.WSF;.WSH;.MSC'
    'WINDIR' => 'C:\\windows'
    'SERVER_SIGNATURE' => '<address>Apache/2.4.12 (Win32) OpenSSL/1.0.1m PHP/5.6.11 Server at localhost Port 80</address>
'
    'SERVER_SOFTWARE' => 'Apache/2.4.12 (Win32) OpenSSL/1.0.1m PHP/5.6.11'
    'SERVER_NAME' => 'localhost'
    'SERVER_ADDR' => '::1'
    'SERVER_PORT' => '80'
    'REMOTE_ADDR' => '::1'
    'DOCUMENT_ROOT' => 'C:/xampp/htdocs'
    'REQUEST_SCHEME' => 'http'
    'CONTEXT_PREFIX' => ''
    'CONTEXT_DOCUMENT_ROOT' => 'C:/xampp/htdocs'
    'SERVER_ADMIN' => 'postmaster@localhost'
    'SCRIPT_FILENAME' => 'C:/xampp/htdocs/yii2-advanced-api/api/web/index.php'
    'REMOTE_PORT' => '53138'
    'REDIRECT_URL' => '/yii2-advanced-api/api/web/v1/country'
    'GATEWAY_INTERFACE' => 'CGI/1.1'
    'SERVER_PROTOCOL' => 'HTTP/1.1'
    'REQUEST_METHOD' => 'GET'
    'QUERY_STRING' => ''
    'REQUEST_URI' => '/yii2-advanced-api/api/web/v1/country'
    'SCRIPT_NAME' => '/yii2-advanced-api/api/web/index.php'
    'PHP_SELF' => '/yii2-advanced-api/api/web/index.php'
    'REQUEST_TIME_FLOAT' => 1465861058.424
    'REQUEST_TIME' => 1465861058
]
2016-06-14 01:37:50 [::1][-][-][error][ReflectionException] exception 'ReflectionException' with message 'Class api\modules\v1\Module does not exist' in C:\xampp\htdocs\yii2-advanced-api\vendor\yiisoft\yii2\di\Container.php:417
Stack trace:
#0 C:\xampp\htdocs\yii2-advanced-api\vendor\yiisoft\yii2\di\Container.php(417): ReflectionClass->__construct('api\\modules\\v1\\...')
#1 C:\xampp\htdocs\yii2-advanced-api\vendor\yiisoft\yii2\di\Container.php(360): yii\di\Container->getDependencies('api\\modules\\v1\\...')
#2 C:\xampp\htdocs\yii2-advanced-api\vendor\yiisoft\yii2\di\Container.php(153): yii\di\Container->build('api\\modules\\v1\\...', Array, Array)
#3 C:\xampp\htdocs\yii2-advanced-api\vendor\yiisoft\yii2\BaseYii.php(344): yii\di\Container->get('api\\modules\\v1\\...', Array, Array)
#4 C:\xampp\htdocs\yii2-advanced-api\vendor\yiisoft\yii2\base\Module.php(353): yii\BaseYii::createObject(Array, Array)
#5 C:\xampp\htdocs\yii2-advanced-api\vendor\yiisoft\yii2\base\Module.php(510): yii\base\Module->getModule('v1')
#6 C:\xampp\htdocs\yii2-advanced-api\vendor\yiisoft\yii2\base\Module.php(448): yii\base\Module->createController('v1/country/inde...')
#7 C:\xampp\htdocs\yii2-advanced-api\vendor\yiisoft\yii2\web\Application.php(84): yii\base\Module->runAction('v1/country/inde...', Array)
#8 C:\xampp\htdocs\yii2-advanced-api\vendor\yiisoft\yii2\base\Application.php(375): yii\web\Application->handleRequest(Object(yii\web\Request))
#9 C:\xampp\htdocs\yii2-advanced-api\api\web\index.php(17): yii\base\Application->run()
#10 {main}
2016-06-14 01:37:50 [::1][-][-][info][application] $_COOKIE = [
    'PHPSESSID' => 'k3d0dgd8pdo5o3j9cqudie85v2'
    '_csrf' => 'f298e0794cc578624cb91bcdd9e78afe1fbcb89c79e0c5453e2c3202d1a89f3ca:2:{i:0;s:5:\"_csrf\";i:1;s:32:\"ZnEh6ETatLGuRFEbsl1LavPYa7sevoFw\";}'
]

$_SERVER = [
    'REDIRECT_MIBDIRS' => 'C:/xampp/php/extras/mibs'
    'REDIRECT_MYSQL_HOME' => '\\xampp\\mysql\\bin'
    'REDIRECT_OPENSSL_CONF' => 'C:/xampp/apache/bin/openssl.cnf'
    'REDIRECT_PHP_PEAR_SYSCONF_DIR' => '\\xampp\\php'
    'REDIRECT_PHPRC' => '\\xampp\\php'
    'REDIRECT_TMP' => '\\xampp\\tmp'
    'REDIRECT_STATUS' => '200'
    'MIBDIRS' => 'C:/xampp/php/extras/mibs'
    'MYSQL_HOME' => '\\xampp\\mysql\\bin'
    'OPENSSL_CONF' => 'C:/xampp/apache/bin/openssl.cnf'
    'PHP_PEAR_SYSCONF_DIR' => '\\xampp\\php'
    'PHPRC' => '\\xampp\\php'
    'TMP' => '\\xampp\\tmp'
    'HTTP_HOST' => 'localhost'
    'HTTP_CONNECTION' => 'keep-alive'
    'HTTP_CACHE_CONTROL' => 'no-cache'
    'HTTP_USER_AGENT' => 'Mozilla/5.0 (Windows NT 6.1; WOW64) AppleWebKit/537.36 (KHTML, like Gecko) Chrome/51.0.2704.84 Safari/537.36'
    'HTTP_POSTMAN_TOKEN' => '8cdcb493-0e66-fd16-b137-69213569d12b'
    'HTTP_ACCEPT' => '*/*'
    'HTTP_ACCEPT_ENCODING' => 'gzip, deflate, sdch'
    'HTTP_ACCEPT_LANGUAGE' => 'es-ES,es;q=0.8'
    'HTTP_COOKIE' => 'PHPSESSID=k3d0dgd8pdo5o3j9cqudie85v2; _csrf=f298e0794cc578624cb91bcdd9e78afe1fbcb89c79e0c5453e2c3202d1a89f3ca%3A2%3A%7Bi%3A0%3Bs%3A5%3A%22_csrf%22%3Bi%3A1%3Bs%3A32%3A%22ZnEh6ETatLGuRFEbsl1LavPYa7sevoFw%22%3B%7D'
    'PATH' => 'C:\\ProgramData\\Oracle\\Java\\javapath;C:\\oracle\\product\\11.2.0\\client_1\\bin;c:\\Program Files (x86)\\Intel\\iCLS Client\\;c:\\Program Files\\Intel\\iCLS Client\\;C:\\windows\\system32;C:\\windows;C:\\windows\\System32\\Wbem;C:\\windows\\System32\\WindowsPowerShell\\v1.0\\;C:\\Program Files\\Intel\\Intel(R) Management Engine Components\\DAL;C:\\Program Files\\Intel\\Intel(R) Management Engine Components\\IPT;C:\\Program Files (x86)\\Intel\\Intel(R) Management Engine Components\\DAL;C:\\Program Files (x86)\\Intel\\Intel(R) Management Engine Components\\IPT;C:\\instantclient;C:\\Program Files (x86)\\Microsoft SQL Server\\100\\Tools\\Binn\\;C:\\Program Files\\Microsoft SQL Server\\100\\Tools\\Binn\\;C:\\Program Files\\Microsoft SQL Server\\100\\DTS\\Binn\\;C:\\Program Files (x86)\\Microsoft SQL Server\\100\\Tools\\Binn\\VSShell\\Common7\\IDE\\;C:\\Program Files (x86)\\Microsoft Visual Studio 9.0\\Common7\\IDE\\PrivateAssemblies\\;C:\\Program Files (x86)\\Microsoft SQL Server\\100\\DTS\\Binn\\;C:\\Program Files (x86)\\Microsoft SQL Server Migration Assistant for Oracle\\bin\\;C:\\Program Files\\gradle-2.11\\bin;C:\\Users\\mcorro\\AppData\\Local\\atom\\bin'
    'SystemRoot' => 'C:\\windows'
    'COMSPEC' => 'C:\\windows\\system32\\cmd.exe'
    'PATHEXT' => '.COM;.EXE;.BAT;.CMD;.VBS;.VBE;.JS;.JSE;.WSF;.WSH;.MSC'
    'WINDIR' => 'C:\\windows'
    'SERVER_SIGNATURE' => '<address>Apache/2.4.12 (Win32) OpenSSL/1.0.1m PHP/5.6.11 Server at localhost Port 80</address>
'
    'SERVER_SOFTWARE' => 'Apache/2.4.12 (Win32) OpenSSL/1.0.1m PHP/5.6.11'
    'SERVER_NAME' => 'localhost'
    'SERVER_ADDR' => '::1'
    'SERVER_PORT' => '80'
    'REMOTE_ADDR' => '::1'
    'DOCUMENT_ROOT' => 'C:/xampp/htdocs'
    'REQUEST_SCHEME' => 'http'
    'CONTEXT_PREFIX' => ''
    'CONTEXT_DOCUMENT_ROOT' => 'C:/xampp/htdocs'
    'SERVER_ADMIN' => 'postmaster@localhost'
    'SCRIPT_FILENAME' => 'C:/xampp/htdocs/yii2-advanced-api/api/web/index.php'
    'REMOTE_PORT' => '53139'
    'REDIRECT_URL' => '/yii2-advanced-api/api/web/v1/countries'
    'GATEWAY_INTERFACE' => 'CGI/1.1'
    'SERVER_PROTOCOL' => 'HTTP/1.1'
    'REQUEST_METHOD' => 'GET'
    'QUERY_STRING' => ''
    'REQUEST_URI' => '/yii2-advanced-api/api/web/v1/countries'
    'SCRIPT_NAME' => '/yii2-advanced-api/api/web/index.php'
    'PHP_SELF' => '/yii2-advanced-api/api/web/index.php'
    'REQUEST_TIME_FLOAT' => 1465861070.278
    'REQUEST_TIME' => 1465861070
]
2016-06-14 01:39:53 [::1][-][-][error][yii\web\HttpException:404] exception 'yii\web\NotFoundHttpException' with message 'Page not found.' in C:\xampp\htdocs\yii2-advanced-api\vendor\yiisoft\yii2\web\Request.php:189
Stack trace:
#0 C:\xampp\htdocs\yii2-advanced-api\vendor\yiisoft\yii2\web\Application.php(75): yii\web\Request->resolve()
#1 C:\xampp\htdocs\yii2-advanced-api\vendor\yiisoft\yii2\base\Application.php(375): yii\web\Application->handleRequest(Object(yii\web\Request))
#2 C:\xampp\htdocs\yii2-advanced-api\api\web\index.php(17): yii\base\Application->run()
#3 {main}
2016-06-14 01:39:53 [::1][-][-][info][application] $_COOKIE = [
    'PHPSESSID' => 'k3d0dgd8pdo5o3j9cqudie85v2'
    '_csrf' => 'f298e0794cc578624cb91bcdd9e78afe1fbcb89c79e0c5453e2c3202d1a89f3ca:2:{i:0;s:5:\"_csrf\";i:1;s:32:\"ZnEh6ETatLGuRFEbsl1LavPYa7sevoFw\";}'
]

$_SERVER = [
    'REDIRECT_MIBDIRS' => 'C:/xampp/php/extras/mibs'
    'REDIRECT_MYSQL_HOME' => '\\xampp\\mysql\\bin'
    'REDIRECT_OPENSSL_CONF' => 'C:/xampp/apache/bin/openssl.cnf'
    'REDIRECT_PHP_PEAR_SYSCONF_DIR' => '\\xampp\\php'
    'REDIRECT_PHPRC' => '\\xampp\\php'
    'REDIRECT_TMP' => '\\xampp\\tmp'
    'REDIRECT_STATUS' => '200'
    'MIBDIRS' => 'C:/xampp/php/extras/mibs'
    'MYSQL_HOME' => '\\xampp\\mysql\\bin'
    'OPENSSL_CONF' => 'C:/xampp/apache/bin/openssl.cnf'
    'PHP_PEAR_SYSCONF_DIR' => '\\xampp\\php'
    'PHPRC' => '\\xampp\\php'
    'TMP' => '\\xampp\\tmp'
    'HTTP_HOST' => 'localhost'
    'HTTP_CONNECTION' => 'keep-alive'
    'HTTP_CACHE_CONTROL' => 'no-cache'
    'HTTP_USER_AGENT' => 'Mozilla/5.0 (Windows NT 6.1; WOW64) AppleWebKit/537.36 (KHTML, like Gecko) Chrome/51.0.2704.84 Safari/537.36'
    'HTTP_POSTMAN_TOKEN' => 'e35dd046-71eb-8803-b6ce-f175418847ea'
    'HTTP_ACCEPT' => '*/*'
    'HTTP_ACCEPT_ENCODING' => 'gzip, deflate, sdch'
    'HTTP_ACCEPT_LANGUAGE' => 'es-ES,es;q=0.8'
    'HTTP_COOKIE' => 'PHPSESSID=k3d0dgd8pdo5o3j9cqudie85v2; _csrf=f298e0794cc578624cb91bcdd9e78afe1fbcb89c79e0c5453e2c3202d1a89f3ca%3A2%3A%7Bi%3A0%3Bs%3A5%3A%22_csrf%22%3Bi%3A1%3Bs%3A32%3A%22ZnEh6ETatLGuRFEbsl1LavPYa7sevoFw%22%3B%7D'
    'PATH' => 'C:\\ProgramData\\Oracle\\Java\\javapath;C:\\oracle\\product\\11.2.0\\client_1\\bin;c:\\Program Files (x86)\\Intel\\iCLS Client\\;c:\\Program Files\\Intel\\iCLS Client\\;C:\\windows\\system32;C:\\windows;C:\\windows\\System32\\Wbem;C:\\windows\\System32\\WindowsPowerShell\\v1.0\\;C:\\Program Files\\Intel\\Intel(R) Management Engine Components\\DAL;C:\\Program Files\\Intel\\Intel(R) Management Engine Components\\IPT;C:\\Program Files (x86)\\Intel\\Intel(R) Management Engine Components\\DAL;C:\\Program Files (x86)\\Intel\\Intel(R) Management Engine Components\\IPT;C:\\instantclient;C:\\Program Files (x86)\\Microsoft SQL Server\\100\\Tools\\Binn\\;C:\\Program Files\\Microsoft SQL Server\\100\\Tools\\Binn\\;C:\\Program Files\\Microsoft SQL Server\\100\\DTS\\Binn\\;C:\\Program Files (x86)\\Microsoft SQL Server\\100\\Tools\\Binn\\VSShell\\Common7\\IDE\\;C:\\Program Files (x86)\\Microsoft Visual Studio 9.0\\Common7\\IDE\\PrivateAssemblies\\;C:\\Program Files (x86)\\Microsoft SQL Server\\100\\DTS\\Binn\\;C:\\Program Files (x86)\\Microsoft SQL Server Migration Assistant for Oracle\\bin\\;C:\\Program Files\\gradle-2.11\\bin;C:\\Users\\mcorro\\AppData\\Local\\atom\\bin'
    'SystemRoot' => 'C:\\windows'
    'COMSPEC' => 'C:\\windows\\system32\\cmd.exe'
    'PATHEXT' => '.COM;.EXE;.BAT;.CMD;.VBS;.VBE;.JS;.JSE;.WSF;.WSH;.MSC'
    'WINDIR' => 'C:\\windows'
    'SERVER_SIGNATURE' => '<address>Apache/2.4.12 (Win32) OpenSSL/1.0.1m PHP/5.6.11 Server at localhost Port 80</address>
'
    'SERVER_SOFTWARE' => 'Apache/2.4.12 (Win32) OpenSSL/1.0.1m PHP/5.6.11'
    'SERVER_NAME' => 'localhost'
    'SERVER_ADDR' => '::1'
    'SERVER_PORT' => '80'
    'REMOTE_ADDR' => '::1'
    'DOCUMENT_ROOT' => 'C:/xampp/htdocs'
    'REQUEST_SCHEME' => 'http'
    'CONTEXT_PREFIX' => ''
    'CONTEXT_DOCUMENT_ROOT' => 'C:/xampp/htdocs'
    'SERVER_ADMIN' => 'postmaster@localhost'
    'SCRIPT_FILENAME' => 'C:/xampp/htdocs/yii2-advanced-api/api/web/index.php'
    'REMOTE_PORT' => '53160'
    'REDIRECT_URL' => '/yii2-advanced-api/api/web/v1/countries'
    'GATEWAY_INTERFACE' => 'CGI/1.1'
    'SERVER_PROTOCOL' => 'HTTP/1.1'
    'REQUEST_METHOD' => 'GET'
    'QUERY_STRING' => ''
    'REQUEST_URI' => '/yii2-advanced-api/api/web/v1/countries'
    'SCRIPT_NAME' => '/yii2-advanced-api/api/web/index.php'
    'PHP_SELF' => '/yii2-advanced-api/api/web/index.php'
    'REQUEST_TIME_FLOAT' => 1465861193.207
    'REQUEST_TIME' => 1465861193
]
2016-06-14 01:40:05 [::1][-][-][error][ReflectionException] exception 'ReflectionException' with message 'Class api\modules\v1\Module does not exist' in C:\xampp\htdocs\yii2-advanced-api\vendor\yiisoft\yii2\di\Container.php:417
Stack trace:
#0 C:\xampp\htdocs\yii2-advanced-api\vendor\yiisoft\yii2\di\Container.php(417): ReflectionClass->__construct('api\\modules\\v1\\...')
#1 C:\xampp\htdocs\yii2-advanced-api\vendor\yiisoft\yii2\di\Container.php(360): yii\di\Container->getDependencies('api\\modules\\v1\\...')
#2 C:\xampp\htdocs\yii2-advanced-api\vendor\yiisoft\yii2\di\Container.php(153): yii\di\Container->build('api\\modules\\v1\\...', Array, Array)
#3 C:\xampp\htdocs\yii2-advanced-api\vendor\yiisoft\yii2\BaseYii.php(344): yii\di\Container->get('api\\modules\\v1\\...', Array, Array)
#4 C:\xampp\htdocs\yii2-advanced-api\vendor\yiisoft\yii2\base\Module.php(353): yii\BaseYii::createObject(Array, Array)
#5 C:\xampp\htdocs\yii2-advanced-api\vendor\yiisoft\yii2\base\Module.php(510): yii\base\Module->getModule('v1')
#6 C:\xampp\htdocs\yii2-advanced-api\vendor\yiisoft\yii2\base\Module.php(448): yii\base\Module->createController('v1/country/inde...')
#7 C:\xampp\htdocs\yii2-advanced-api\vendor\yiisoft\yii2\web\Application.php(84): yii\base\Module->runAction('v1/country/inde...', Array)
#8 C:\xampp\htdocs\yii2-advanced-api\vendor\yiisoft\yii2\base\Application.php(375): yii\web\Application->handleRequest(Object(yii\web\Request))
#9 C:\xampp\htdocs\yii2-advanced-api\api\web\index.php(17): yii\base\Application->run()
#10 {main}
2016-06-14 01:40:05 [::1][-][-][info][application] $_COOKIE = [
    'PHPSESSID' => 'k3d0dgd8pdo5o3j9cqudie85v2'
    '_csrf' => 'f298e0794cc578624cb91bcdd9e78afe1fbcb89c79e0c5453e2c3202d1a89f3ca:2:{i:0;s:5:\"_csrf\";i:1;s:32:\"ZnEh6ETatLGuRFEbsl1LavPYa7sevoFw\";}'
]

$_SERVER = [
    'REDIRECT_MIBDIRS' => 'C:/xampp/php/extras/mibs'
    'REDIRECT_MYSQL_HOME' => '\\xampp\\mysql\\bin'
    'REDIRECT_OPENSSL_CONF' => 'C:/xampp/apache/bin/openssl.cnf'
    'REDIRECT_PHP_PEAR_SYSCONF_DIR' => '\\xampp\\php'
    'REDIRECT_PHPRC' => '\\xampp\\php'
    'REDIRECT_TMP' => '\\xampp\\tmp'
    'REDIRECT_STATUS' => '200'
    'MIBDIRS' => 'C:/xampp/php/extras/mibs'
    'MYSQL_HOME' => '\\xampp\\mysql\\bin'
    'OPENSSL_CONF' => 'C:/xampp/apache/bin/openssl.cnf'
    'PHP_PEAR_SYSCONF_DIR' => '\\xampp\\php'
    'PHPRC' => '\\xampp\\php'
    'TMP' => '\\xampp\\tmp'
    'HTTP_HOST' => 'localhost'
    'HTTP_CONNECTION' => 'keep-alive'
    'HTTP_CACHE_CONTROL' => 'no-cache'
    'HTTP_USER_AGENT' => 'Mozilla/5.0 (Windows NT 6.1; WOW64) AppleWebKit/537.36 (KHTML, like Gecko) Chrome/51.0.2704.84 Safari/537.36'
    'HTTP_POSTMAN_TOKEN' => 'a80e5485-7a45-06b6-fb7f-06ed321e9156'
    'HTTP_ACCEPT' => '*/*'
    'HTTP_ACCEPT_ENCODING' => 'gzip, deflate, sdch'
    'HTTP_ACCEPT_LANGUAGE' => 'es-ES,es;q=0.8'
    'HTTP_COOKIE' => 'PHPSESSID=k3d0dgd8pdo5o3j9cqudie85v2; _csrf=f298e0794cc578624cb91bcdd9e78afe1fbcb89c79e0c5453e2c3202d1a89f3ca%3A2%3A%7Bi%3A0%3Bs%3A5%3A%22_csrf%22%3Bi%3A1%3Bs%3A32%3A%22ZnEh6ETatLGuRFEbsl1LavPYa7sevoFw%22%3B%7D'
    'PATH' => 'C:\\ProgramData\\Oracle\\Java\\javapath;C:\\oracle\\product\\11.2.0\\client_1\\bin;c:\\Program Files (x86)\\Intel\\iCLS Client\\;c:\\Program Files\\Intel\\iCLS Client\\;C:\\windows\\system32;C:\\windows;C:\\windows\\System32\\Wbem;C:\\windows\\System32\\WindowsPowerShell\\v1.0\\;C:\\Program Files\\Intel\\Intel(R) Management Engine Components\\DAL;C:\\Program Files\\Intel\\Intel(R) Management Engine Components\\IPT;C:\\Program Files (x86)\\Intel\\Intel(R) Management Engine Components\\DAL;C:\\Program Files (x86)\\Intel\\Intel(R) Management Engine Components\\IPT;C:\\instantclient;C:\\Program Files (x86)\\Microsoft SQL Server\\100\\Tools\\Binn\\;C:\\Program Files\\Microsoft SQL Server\\100\\Tools\\Binn\\;C:\\Program Files\\Microsoft SQL Server\\100\\DTS\\Binn\\;C:\\Program Files (x86)\\Microsoft SQL Server\\100\\Tools\\Binn\\VSShell\\Common7\\IDE\\;C:\\Program Files (x86)\\Microsoft Visual Studio 9.0\\Common7\\IDE\\PrivateAssemblies\\;C:\\Program Files (x86)\\Microsoft SQL Server\\100\\DTS\\Binn\\;C:\\Program Files (x86)\\Microsoft SQL Server Migration Assistant for Oracle\\bin\\;C:\\Program Files\\gradle-2.11\\bin;C:\\Users\\mcorro\\AppData\\Local\\atom\\bin'
    'SystemRoot' => 'C:\\windows'
    'COMSPEC' => 'C:\\windows\\system32\\cmd.exe'
    'PATHEXT' => '.COM;.EXE;.BAT;.CMD;.VBS;.VBE;.JS;.JSE;.WSF;.WSH;.MSC'
    'WINDIR' => 'C:\\windows'
    'SERVER_SIGNATURE' => '<address>Apache/2.4.12 (Win32) OpenSSL/1.0.1m PHP/5.6.11 Server at localhost Port 80</address>
'
    'SERVER_SOFTWARE' => 'Apache/2.4.12 (Win32) OpenSSL/1.0.1m PHP/5.6.11'
    'SERVER_NAME' => 'localhost'
    'SERVER_ADDR' => '::1'
    'SERVER_PORT' => '80'
    'REMOTE_ADDR' => '::1'
    'DOCUMENT_ROOT' => 'C:/xampp/htdocs'
    'REQUEST_SCHEME' => 'http'
    'CONTEXT_PREFIX' => ''
    'CONTEXT_DOCUMENT_ROOT' => 'C:/xampp/htdocs'
    'SERVER_ADMIN' => 'postmaster@localhost'
    'SCRIPT_FILENAME' => 'C:/xampp/htdocs/yii2-advanced-api/api/web/index.php'
    'REMOTE_PORT' => '53161'
    'REDIRECT_URL' => '/yii2-advanced-api/api/web/v1/country'
    'GATEWAY_INTERFACE' => 'CGI/1.1'
    'SERVER_PROTOCOL' => 'HTTP/1.1'
    'REQUEST_METHOD' => 'GET'
    'QUERY_STRING' => ''
    'REQUEST_URI' => '/yii2-advanced-api/api/web/v1/country'
    'SCRIPT_NAME' => '/yii2-advanced-api/api/web/index.php'
    'PHP_SELF' => '/yii2-advanced-api/api/web/index.php'
    'REQUEST_TIME_FLOAT' => 1465861205.329
    'REQUEST_TIME' => 1465861205
]
2016-06-14 01:41:28 [::1][-][-][error][ReflectionException] exception 'ReflectionException' with message 'Class api\modules\v1\Module does not exist' in C:\xampp\htdocs\yii2-advanced-api\vendor\yiisoft\yii2\di\Container.php:417
Stack trace:
#0 C:\xampp\htdocs\yii2-advanced-api\vendor\yiisoft\yii2\di\Container.php(417): ReflectionClass->__construct('api\\modules\\v1\\...')
#1 C:\xampp\htdocs\yii2-advanced-api\vendor\yiisoft\yii2\di\Container.php(360): yii\di\Container->getDependencies('api\\modules\\v1\\...')
#2 C:\xampp\htdocs\yii2-advanced-api\vendor\yiisoft\yii2\di\Container.php(153): yii\di\Container->build('api\\modules\\v1\\...', Array, Array)
#3 C:\xampp\htdocs\yii2-advanced-api\vendor\yiisoft\yii2\BaseYii.php(344): yii\di\Container->get('api\\modules\\v1\\...', Array, Array)
#4 C:\xampp\htdocs\yii2-advanced-api\vendor\yiisoft\yii2\base\Module.php(353): yii\BaseYii::createObject(Array, Array)
#5 C:\xampp\htdocs\yii2-advanced-api\vendor\yiisoft\yii2\base\Module.php(510): yii\base\Module->getModule('v1')
#6 C:\xampp\htdocs\yii2-advanced-api\vendor\yiisoft\yii2\base\Module.php(448): yii\base\Module->createController('v1/country/inde...')
#7 C:\xampp\htdocs\yii2-advanced-api\vendor\yiisoft\yii2\web\Application.php(84): yii\base\Module->runAction('v1/country/inde...', Array)
#8 C:\xampp\htdocs\yii2-advanced-api\vendor\yiisoft\yii2\base\Application.php(375): yii\web\Application->handleRequest(Object(yii\web\Request))
#9 C:\xampp\htdocs\yii2-advanced-api\api\web\index.php(17): yii\base\Application->run()
#10 {main}
2016-06-14 01:41:28 [::1][-][-][info][application] $_COOKIE = [
    '_ga' => 'GA1.1.909653045.1465394919'
    '_csrf' => '4ac5bd27b292ac20072d344e2d4f9c0ff8bae17899c918304f3a9d4692dc09b8a:2:{i:0;s:5:\"_csrf\";i:1;s:32:\"ISW-6mcUx8ZqS0wpG6R_rHHutV98zsnC\";}'
]

$_SERVER = [
    'REDIRECT_MIBDIRS' => 'C:/xampp/php/extras/mibs'
    'REDIRECT_MYSQL_HOME' => '\\xampp\\mysql\\bin'
    'REDIRECT_OPENSSL_CONF' => 'C:/xampp/apache/bin/openssl.cnf'
    'REDIRECT_PHP_PEAR_SYSCONF_DIR' => '\\xampp\\php'
    'REDIRECT_PHPRC' => '\\xampp\\php'
    'REDIRECT_TMP' => '\\xampp\\tmp'
    'REDIRECT_STATUS' => '200'
    'MIBDIRS' => 'C:/xampp/php/extras/mibs'
    'MYSQL_HOME' => '\\xampp\\mysql\\bin'
    'OPENSSL_CONF' => 'C:/xampp/apache/bin/openssl.cnf'
    'PHP_PEAR_SYSCONF_DIR' => '\\xampp\\php'
    'PHPRC' => '\\xampp\\php'
    'TMP' => '\\xampp\\tmp'
    'HTTP_HOST' => 'localhost'
    'HTTP_USER_AGENT' => 'Mozilla/5.0 (Windows NT 6.1; WOW64; rv:46.0) Gecko/20100101 Firefox/46.0'
    'HTTP_ACCEPT' => 'text/html,application/xhtml+xml,application/xml;q=0.9,*/*;q=0.8'
    'HTTP_ACCEPT_LANGUAGE' => 'es-ES,es;q=0.8,en-US;q=0.5,en;q=0.3'
    'HTTP_ACCEPT_ENCODING' => 'gzip, deflate'
    'HTTP_COOKIE' => '_ga=GA1.1.909653045.1465394919; _csrf=4ac5bd27b292ac20072d344e2d4f9c0ff8bae17899c918304f3a9d4692dc09b8a%3A2%3A%7Bi%3A0%3Bs%3A5%3A%22_csrf%22%3Bi%3A1%3Bs%3A32%3A%22ISW-6mcUx8ZqS0wpG6R_rHHutV98zsnC%22%3B%7D'
    'HTTP_CONNECTION' => 'keep-alive'
    'PATH' => 'C:\\ProgramData\\Oracle\\Java\\javapath;C:\\oracle\\product\\11.2.0\\client_1\\bin;c:\\Program Files (x86)\\Intel\\iCLS Client\\;c:\\Program Files\\Intel\\iCLS Client\\;C:\\windows\\system32;C:\\windows;C:\\windows\\System32\\Wbem;C:\\windows\\System32\\WindowsPowerShell\\v1.0\\;C:\\Program Files\\Intel\\Intel(R) Management Engine Components\\DAL;C:\\Program Files\\Intel\\Intel(R) Management Engine Components\\IPT;C:\\Program Files (x86)\\Intel\\Intel(R) Management Engine Components\\DAL;C:\\Program Files (x86)\\Intel\\Intel(R) Management Engine Components\\IPT;C:\\instantclient;C:\\Program Files (x86)\\Microsoft SQL Server\\100\\Tools\\Binn\\;C:\\Program Files\\Microsoft SQL Server\\100\\Tools\\Binn\\;C:\\Program Files\\Microsoft SQL Server\\100\\DTS\\Binn\\;C:\\Program Files (x86)\\Microsoft SQL Server\\100\\Tools\\Binn\\VSShell\\Common7\\IDE\\;C:\\Program Files (x86)\\Microsoft Visual Studio 9.0\\Common7\\IDE\\PrivateAssemblies\\;C:\\Program Files (x86)\\Microsoft SQL Server\\100\\DTS\\Binn\\;C:\\Program Files (x86)\\Microsoft SQL Server Migration Assistant for Oracle\\bin\\;C:\\Program Files\\gradle-2.11\\bin;C:\\Users\\mcorro\\AppData\\Local\\atom\\bin'
    'SystemRoot' => 'C:\\windows'
    'COMSPEC' => 'C:\\windows\\system32\\cmd.exe'
    'PATHEXT' => '.COM;.EXE;.BAT;.CMD;.VBS;.VBE;.JS;.JSE;.WSF;.WSH;.MSC'
    'WINDIR' => 'C:\\windows'
    'SERVER_SIGNATURE' => '<address>Apache/2.4.12 (Win32) OpenSSL/1.0.1m PHP/5.6.11 Server at localhost Port 80</address>
'
    'SERVER_SOFTWARE' => 'Apache/2.4.12 (Win32) OpenSSL/1.0.1m PHP/5.6.11'
    'SERVER_NAME' => 'localhost'
    'SERVER_ADDR' => '::1'
    'SERVER_PORT' => '80'
    'REMOTE_ADDR' => '::1'
    'DOCUMENT_ROOT' => 'C:/xampp/htdocs'
    'REQUEST_SCHEME' => 'http'
    'CONTEXT_PREFIX' => ''
    'CONTEXT_DOCUMENT_ROOT' => 'C:/xampp/htdocs'
    'SERVER_ADMIN' => 'postmaster@localhost'
    'SCRIPT_FILENAME' => 'C:/xampp/htdocs/yii2-advanced-api/api/web/index.php'
    'REMOTE_PORT' => '53167'
    'REDIRECT_URL' => '/yii2-advanced-api/api/web/v1/country'
    'GATEWAY_INTERFACE' => 'CGI/1.1'
    'SERVER_PROTOCOL' => 'HTTP/1.1'
    'REQUEST_METHOD' => 'GET'
    'QUERY_STRING' => ''
    'REQUEST_URI' => '/yii2-advanced-api/api/web/v1/country'
    'SCRIPT_NAME' => '/yii2-advanced-api/api/web/index.php'
    'PHP_SELF' => '/yii2-advanced-api/api/web/index.php'
    'REQUEST_TIME_FLOAT' => 1465861288.963
    'REQUEST_TIME' => 1465861288
]
2016-06-14 01:44:44 [::1][-][-][error][yii\base\UnknownPropertyException] exception 'yii\base\UnknownPropertyException' with message 'Getting unknown property: api\modules\v1\models\Country::code' in C:\xampp\htdocs\yii2-advanced-api\vendor\yiisoft\yii2\base\Component.php:143
Stack trace:
#0 C:\xampp\htdocs\yii2-advanced-api\vendor\yiisoft\yii2\db\BaseActiveRecord.php(252): yii\base\Component->__get('code')
#1 C:\xampp\htdocs\yii2-advanced-api\vendor\yiisoft\yii2\base\Model.php(984): yii\db\BaseActiveRecord->__get('code')
#2 C:\xampp\htdocs\yii2-advanced-api\vendor\yiisoft\yii2\data\ActiveDataProvider.php(138): yii\base\Model->offsetGet('code')
#3 C:\xampp\htdocs\yii2-advanced-api\vendor\yiisoft\yii2\data\BaseDataProvider.php(82): yii\data\ActiveDataProvider->prepareKeys(Array)
#4 C:\xampp\htdocs\yii2-advanced-api\vendor\yiisoft\yii2\data\BaseDataProvider.php(92): yii\data\BaseDataProvider->prepare()
#5 C:\xampp\htdocs\yii2-advanced-api\vendor\yiisoft\yii2\rest\Serializer.php(174): yii\data\BaseDataProvider->getModels()
#6 C:\xampp\htdocs\yii2-advanced-api\vendor\yiisoft\yii2\rest\Serializer.php(143): yii\rest\Serializer->serializeDataProvider(Object(yii\data\ActiveDataProvider))
#7 C:\xampp\htdocs\yii2-advanced-api\vendor\yiisoft\yii2\rest\Controller.php(97): yii\rest\Serializer->serialize(Object(yii\data\ActiveDataProvider))
#8 C:\xampp\htdocs\yii2-advanced-api\vendor\yiisoft\yii2\rest\Controller.php(75): yii\rest\Controller->serializeData(Object(yii\data\ActiveDataProvider))
#9 C:\xampp\htdocs\yii2-advanced-api\vendor\yiisoft\yii2\base\Controller.php(156): yii\rest\Controller->afterAction(Object(yii\rest\IndexAction), Object(yii\data\ActiveDataProvider))
#10 C:\xampp\htdocs\yii2-advanced-api\vendor\yiisoft\yii2\base\Module.php(454): yii\base\Controller->runAction('index', Array)
#11 C:\xampp\htdocs\yii2-advanced-api\vendor\yiisoft\yii2\web\Application.php(84): yii\base\Module->runAction('v1/country/inde...', Array)
#12 C:\xampp\htdocs\yii2-advanced-api\vendor\yiisoft\yii2\base\Application.php(375): yii\web\Application->handleRequest(Object(yii\web\Request))
#13 C:\xampp\htdocs\yii2-advanced-api\api\web\index.php(17): yii\base\Application->run()
#14 {main}
2016-06-14 01:44:43 [::1][-][-][info][application] $_COOKIE = [
    '_ga' => 'GA1.1.909653045.1465394919'
    '_csrf' => '4ac5bd27b292ac20072d344e2d4f9c0ff8bae17899c918304f3a9d4692dc09b8a:2:{i:0;s:5:\"_csrf\";i:1;s:32:\"ISW-6mcUx8ZqS0wpG6R_rHHutV98zsnC\";}'
]

$_SERVER = [
    'REDIRECT_MIBDIRS' => 'C:/xampp/php/extras/mibs'
    'REDIRECT_MYSQL_HOME' => '\\xampp\\mysql\\bin'
    'REDIRECT_OPENSSL_CONF' => 'C:/xampp/apache/bin/openssl.cnf'
    'REDIRECT_PHP_PEAR_SYSCONF_DIR' => '\\xampp\\php'
    'REDIRECT_PHPRC' => '\\xampp\\php'
    'REDIRECT_TMP' => '\\xampp\\tmp'
    'REDIRECT_STATUS' => '200'
    'MIBDIRS' => 'C:/xampp/php/extras/mibs'
    'MYSQL_HOME' => '\\xampp\\mysql\\bin'
    'OPENSSL_CONF' => 'C:/xampp/apache/bin/openssl.cnf'
    'PHP_PEAR_SYSCONF_DIR' => '\\xampp\\php'
    'PHPRC' => '\\xampp\\php'
    'TMP' => '\\xampp\\tmp'
    'HTTP_HOST' => 'localhost'
    'HTTP_USER_AGENT' => 'Mozilla/5.0 (Windows NT 6.1; WOW64; rv:46.0) Gecko/20100101 Firefox/46.0'
    'HTTP_ACCEPT' => 'text/html,application/xhtml+xml,application/xml;q=0.9,*/*;q=0.8'
    'HTTP_ACCEPT_LANGUAGE' => 'es-ES,es;q=0.8,en-US;q=0.5,en;q=0.3'
    'HTTP_ACCEPT_ENCODING' => 'gzip, deflate'
    'HTTP_COOKIE' => '_ga=GA1.1.909653045.1465394919; _csrf=4ac5bd27b292ac20072d344e2d4f9c0ff8bae17899c918304f3a9d4692dc09b8a%3A2%3A%7Bi%3A0%3Bs%3A5%3A%22_csrf%22%3Bi%3A1%3Bs%3A32%3A%22ISW-6mcUx8ZqS0wpG6R_rHHutV98zsnC%22%3B%7D'
    'HTTP_CONNECTION' => 'keep-alive'
    'HTTP_CACHE_CONTROL' => 'max-age=0'
    'PATH' => 'C:\\ProgramData\\Oracle\\Java\\javapath;C:\\oracle\\product\\11.2.0\\client_1\\bin;c:\\Program Files (x86)\\Intel\\iCLS Client\\;c:\\Program Files\\Intel\\iCLS Client\\;C:\\windows\\system32;C:\\windows;C:\\windows\\System32\\Wbem;C:\\windows\\System32\\WindowsPowerShell\\v1.0\\;C:\\Program Files\\Intel\\Intel(R) Management Engine Components\\DAL;C:\\Program Files\\Intel\\Intel(R) Management Engine Components\\IPT;C:\\Program Files (x86)\\Intel\\Intel(R) Management Engine Components\\DAL;C:\\Program Files (x86)\\Intel\\Intel(R) Management Engine Components\\IPT;C:\\instantclient;C:\\Program Files (x86)\\Microsoft SQL Server\\100\\Tools\\Binn\\;C:\\Program Files\\Microsoft SQL Server\\100\\Tools\\Binn\\;C:\\Program Files\\Microsoft SQL Server\\100\\DTS\\Binn\\;C:\\Program Files (x86)\\Microsoft SQL Server\\100\\Tools\\Binn\\VSShell\\Common7\\IDE\\;C:\\Program Files (x86)\\Microsoft Visual Studio 9.0\\Common7\\IDE\\PrivateAssemblies\\;C:\\Program Files (x86)\\Microsoft SQL Server\\100\\DTS\\Binn\\;C:\\Program Files (x86)\\Microsoft SQL Server Migration Assistant for Oracle\\bin\\;C:\\Program Files\\gradle-2.11\\bin;C:\\Users\\mcorro\\AppData\\Local\\atom\\bin'
    'SystemRoot' => 'C:\\windows'
    'COMSPEC' => 'C:\\windows\\system32\\cmd.exe'
    'PATHEXT' => '.COM;.EXE;.BAT;.CMD;.VBS;.VBE;.JS;.JSE;.WSF;.WSH;.MSC'
    'WINDIR' => 'C:\\windows'
    'SERVER_SIGNATURE' => '<address>Apache/2.4.12 (Win32) OpenSSL/1.0.1m PHP/5.6.11 Server at localhost Port 80</address>
'
    'SERVER_SOFTWARE' => 'Apache/2.4.12 (Win32) OpenSSL/1.0.1m PHP/5.6.11'
    'SERVER_NAME' => 'localhost'
    'SERVER_ADDR' => '::1'
    'SERVER_PORT' => '80'
    'REMOTE_ADDR' => '::1'
    'DOCUMENT_ROOT' => 'C:/xampp/htdocs'
    'REQUEST_SCHEME' => 'http'
    'CONTEXT_PREFIX' => ''
    'CONTEXT_DOCUMENT_ROOT' => 'C:/xampp/htdocs'
    'SERVER_ADMIN' => 'postmaster@localhost'
    'SCRIPT_FILENAME' => 'C:/xampp/htdocs/yii2-advanced-api/api/web/index.php'
    'REMOTE_PORT' => '53197'
    'REDIRECT_URL' => '/yii2-advanced-api/api/web/v1/country'
    'GATEWAY_INTERFACE' => 'CGI/1.1'
    'SERVER_PROTOCOL' => 'HTTP/1.1'
    'REQUEST_METHOD' => 'GET'
    'QUERY_STRING' => ''
    'REQUEST_URI' => '/yii2-advanced-api/api/web/v1/country'
    'SCRIPT_NAME' => '/yii2-advanced-api/api/web/index.php'
    'PHP_SELF' => '/yii2-advanced-api/api/web/index.php'
    'REQUEST_TIME_FLOAT' => 1465861483.215
    'REQUEST_TIME' => 1465861483
]
2016-06-14 01:44:55 [::1][-][-][error][yii\base\UnknownPropertyException] exception 'yii\base\UnknownPropertyException' with message 'Getting unknown property: api\modules\v1\models\Country::code' in C:\xampp\htdocs\yii2-advanced-api\vendor\yiisoft\yii2\base\Component.php:143
Stack trace:
#0 C:\xampp\htdocs\yii2-advanced-api\vendor\yiisoft\yii2\db\BaseActiveRecord.php(252): yii\base\Component->__get('code')
#1 C:\xampp\htdocs\yii2-advanced-api\vendor\yiisoft\yii2\base\Model.php(984): yii\db\BaseActiveRecord->__get('code')
#2 C:\xampp\htdocs\yii2-advanced-api\vendor\yiisoft\yii2\data\ActiveDataProvider.php(138): yii\base\Model->offsetGet('code')
#3 C:\xampp\htdocs\yii2-advanced-api\vendor\yiisoft\yii2\data\BaseDataProvider.php(82): yii\data\ActiveDataProvider->prepareKeys(Array)
#4 C:\xampp\htdocs\yii2-advanced-api\vendor\yiisoft\yii2\data\BaseDataProvider.php(92): yii\data\BaseDataProvider->prepare()
#5 C:\xampp\htdocs\yii2-advanced-api\vendor\yiisoft\yii2\rest\Serializer.php(174): yii\data\BaseDataProvider->getModels()
#6 C:\xampp\htdocs\yii2-advanced-api\vendor\yiisoft\yii2\rest\Serializer.php(143): yii\rest\Serializer->serializeDataProvider(Object(yii\data\ActiveDataProvider))
#7 C:\xampp\htdocs\yii2-advanced-api\vendor\yiisoft\yii2\rest\Controller.php(97): yii\rest\Serializer->serialize(Object(yii\data\ActiveDataProvider))
#8 C:\xampp\htdocs\yii2-advanced-api\vendor\yiisoft\yii2\rest\Controller.php(75): yii\rest\Controller->serializeData(Object(yii\data\ActiveDataProvider))
#9 C:\xampp\htdocs\yii2-advanced-api\vendor\yiisoft\yii2\base\Controller.php(156): yii\rest\Controller->afterAction(Object(yii\rest\IndexAction), Object(yii\data\ActiveDataProvider))
#10 C:\xampp\htdocs\yii2-advanced-api\vendor\yiisoft\yii2\base\Module.php(454): yii\base\Controller->runAction('index', Array)
#11 C:\xampp\htdocs\yii2-advanced-api\vendor\yiisoft\yii2\web\Application.php(84): yii\base\Module->runAction('v1/country/inde...', Array)
#12 C:\xampp\htdocs\yii2-advanced-api\vendor\yiisoft\yii2\base\Application.php(375): yii\web\Application->handleRequest(Object(yii\web\Request))
#13 C:\xampp\htdocs\yii2-advanced-api\api\web\index.php(17): yii\base\Application->run()
#14 {main}
2016-06-14 01:44:55 [::1][-][-][info][application] $_COOKIE = [
    'PHPSESSID' => 'k3d0dgd8pdo5o3j9cqudie85v2'
    '_csrf' => 'f298e0794cc578624cb91bcdd9e78afe1fbcb89c79e0c5453e2c3202d1a89f3ca:2:{i:0;s:5:\"_csrf\";i:1;s:32:\"ZnEh6ETatLGuRFEbsl1LavPYa7sevoFw\";}'
]

$_SERVER = [
    'REDIRECT_MIBDIRS' => 'C:/xampp/php/extras/mibs'
    'REDIRECT_MYSQL_HOME' => '\\xampp\\mysql\\bin'
    'REDIRECT_OPENSSL_CONF' => 'C:/xampp/apache/bin/openssl.cnf'
    'REDIRECT_PHP_PEAR_SYSCONF_DIR' => '\\xampp\\php'
    'REDIRECT_PHPRC' => '\\xampp\\php'
    'REDIRECT_TMP' => '\\xampp\\tmp'
    'REDIRECT_STATUS' => '200'
    'MIBDIRS' => 'C:/xampp/php/extras/mibs'
    'MYSQL_HOME' => '\\xampp\\mysql\\bin'
    'OPENSSL_CONF' => 'C:/xampp/apache/bin/openssl.cnf'
    'PHP_PEAR_SYSCONF_DIR' => '\\xampp\\php'
    'PHPRC' => '\\xampp\\php'
    'TMP' => '\\xampp\\tmp'
    'HTTP_HOST' => 'localhost'
    'HTTP_CONNECTION' => 'keep-alive'
    'HTTP_CACHE_CONTROL' => 'no-cache'
    'HTTP_USER_AGENT' => 'Mozilla/5.0 (Windows NT 6.1; WOW64) AppleWebKit/537.36 (KHTML, like Gecko) Chrome/51.0.2704.84 Safari/537.36'
    'HTTP_POSTMAN_TOKEN' => '00348979-974f-f77a-2336-a967904769a9'
    'HTTP_ACCEPT' => '*/*'
    'HTTP_ACCEPT_ENCODING' => 'gzip, deflate, sdch'
    'HTTP_ACCEPT_LANGUAGE' => 'es-ES,es;q=0.8'
    'HTTP_COOKIE' => 'PHPSESSID=k3d0dgd8pdo5o3j9cqudie85v2; _csrf=f298e0794cc578624cb91bcdd9e78afe1fbcb89c79e0c5453e2c3202d1a89f3ca%3A2%3A%7Bi%3A0%3Bs%3A5%3A%22_csrf%22%3Bi%3A1%3Bs%3A32%3A%22ZnEh6ETatLGuRFEbsl1LavPYa7sevoFw%22%3B%7D'
    'PATH' => 'C:\\ProgramData\\Oracle\\Java\\javapath;C:\\oracle\\product\\11.2.0\\client_1\\bin;c:\\Program Files (x86)\\Intel\\iCLS Client\\;c:\\Program Files\\Intel\\iCLS Client\\;C:\\windows\\system32;C:\\windows;C:\\windows\\System32\\Wbem;C:\\windows\\System32\\WindowsPowerShell\\v1.0\\;C:\\Program Files\\Intel\\Intel(R) Management Engine Components\\DAL;C:\\Program Files\\Intel\\Intel(R) Management Engine Components\\IPT;C:\\Program Files (x86)\\Intel\\Intel(R) Management Engine Components\\DAL;C:\\Program Files (x86)\\Intel\\Intel(R) Management Engine Components\\IPT;C:\\instantclient;C:\\Program Files (x86)\\Microsoft SQL Server\\100\\Tools\\Binn\\;C:\\Program Files\\Microsoft SQL Server\\100\\Tools\\Binn\\;C:\\Program Files\\Microsoft SQL Server\\100\\DTS\\Binn\\;C:\\Program Files (x86)\\Microsoft SQL Server\\100\\Tools\\Binn\\VSShell\\Common7\\IDE\\;C:\\Program Files (x86)\\Microsoft Visual Studio 9.0\\Common7\\IDE\\PrivateAssemblies\\;C:\\Program Files (x86)\\Microsoft SQL Server\\100\\DTS\\Binn\\;C:\\Program Files (x86)\\Microsoft SQL Server Migration Assistant for Oracle\\bin\\;C:\\Program Files\\gradle-2.11\\bin;C:\\Users\\mcorro\\AppData\\Local\\atom\\bin'
    'SystemRoot' => 'C:\\windows'
    'COMSPEC' => 'C:\\windows\\system32\\cmd.exe'
    'PATHEXT' => '.COM;.EXE;.BAT;.CMD;.VBS;.VBE;.JS;.JSE;.WSF;.WSH;.MSC'
    'WINDIR' => 'C:\\windows'
    'SERVER_SIGNATURE' => '<address>Apache/2.4.12 (Win32) OpenSSL/1.0.1m PHP/5.6.11 Server at localhost Port 80</address>
'
    'SERVER_SOFTWARE' => 'Apache/2.4.12 (Win32) OpenSSL/1.0.1m PHP/5.6.11'
    'SERVER_NAME' => 'localhost'
    'SERVER_ADDR' => '::1'
    'SERVER_PORT' => '80'
    'REMOTE_ADDR' => '::1'
    'DOCUMENT_ROOT' => 'C:/xampp/htdocs'
    'REQUEST_SCHEME' => 'http'
    'CONTEXT_PREFIX' => ''
    'CONTEXT_DOCUMENT_ROOT' => 'C:/xampp/htdocs'
    'SERVER_ADMIN' => 'postmaster@localhost'
    'SCRIPT_FILENAME' => 'C:/xampp/htdocs/yii2-advanced-api/api/web/index.php'
    'REMOTE_PORT' => '53200'
    'REDIRECT_URL' => '/yii2-advanced-api/api/web/v1/country'
    'GATEWAY_INTERFACE' => 'CGI/1.1'
    'SERVER_PROTOCOL' => 'HTTP/1.1'
    'REQUEST_METHOD' => 'GET'
    'QUERY_STRING' => ''
    'REQUEST_URI' => '/yii2-advanced-api/api/web/v1/country'
    'SCRIPT_NAME' => '/yii2-advanced-api/api/web/index.php'
    'PHP_SELF' => '/yii2-advanced-api/api/web/index.php'
    'REQUEST_TIME_FLOAT' => 1465861495.542
    'REQUEST_TIME' => 1465861495
]
2016-06-14 01:45:06 [::1][-][-][error][yii\web\HttpException:404] exception 'yii\web\NotFoundHttpException' with message 'Page not found.' in C:\xampp\htdocs\yii2-advanced-api\vendor\yiisoft\yii2\web\Request.php:189
Stack trace:
#0 C:\xampp\htdocs\yii2-advanced-api\vendor\yiisoft\yii2\web\Application.php(75): yii\web\Request->resolve()
#1 C:\xampp\htdocs\yii2-advanced-api\vendor\yiisoft\yii2\base\Application.php(375): yii\web\Application->handleRequest(Object(yii\web\Request))
#2 C:\xampp\htdocs\yii2-advanced-api\api\web\index.php(17): yii\base\Application->run()
#3 {main}
2016-06-14 01:45:06 [::1][-][-][info][application] $_COOKIE = [
    'PHPSESSID' => 'k3d0dgd8pdo5o3j9cqudie85v2'
    '_csrf' => 'f298e0794cc578624cb91bcdd9e78afe1fbcb89c79e0c5453e2c3202d1a89f3ca:2:{i:0;s:5:\"_csrf\";i:1;s:32:\"ZnEh6ETatLGuRFEbsl1LavPYa7sevoFw\";}'
]

$_SERVER = [
    'REDIRECT_MIBDIRS' => 'C:/xampp/php/extras/mibs'
    'REDIRECT_MYSQL_HOME' => '\\xampp\\mysql\\bin'
    'REDIRECT_OPENSSL_CONF' => 'C:/xampp/apache/bin/openssl.cnf'
    'REDIRECT_PHP_PEAR_SYSCONF_DIR' => '\\xampp\\php'
    'REDIRECT_PHPRC' => '\\xampp\\php'
    'REDIRECT_TMP' => '\\xampp\\tmp'
    'REDIRECT_STATUS' => '200'
    'MIBDIRS' => 'C:/xampp/php/extras/mibs'
    'MYSQL_HOME' => '\\xampp\\mysql\\bin'
    'OPENSSL_CONF' => 'C:/xampp/apache/bin/openssl.cnf'
    'PHP_PEAR_SYSCONF_DIR' => '\\xampp\\php'
    'PHPRC' => '\\xampp\\php'
    'TMP' => '\\xampp\\tmp'
    'HTTP_HOST' => 'localhost'
    'HTTP_CONNECTION' => 'keep-alive'
    'HTTP_CACHE_CONTROL' => 'no-cache'
    'HTTP_USER_AGENT' => 'Mozilla/5.0 (Windows NT 6.1; WOW64) AppleWebKit/537.36 (KHTML, like Gecko) Chrome/51.0.2704.84 Safari/537.36'
    'HTTP_POSTMAN_TOKEN' => '2b70fa02-8641-95e2-5d24-983e99eda545'
    'HTTP_ACCEPT' => '*/*'
    'HTTP_ACCEPT_ENCODING' => 'gzip, deflate, sdch'
    'HTTP_ACCEPT_LANGUAGE' => 'es-ES,es;q=0.8'
    'HTTP_COOKIE' => 'PHPSESSID=k3d0dgd8pdo5o3j9cqudie85v2; _csrf=f298e0794cc578624cb91bcdd9e78afe1fbcb89c79e0c5453e2c3202d1a89f3ca%3A2%3A%7Bi%3A0%3Bs%3A5%3A%22_csrf%22%3Bi%3A1%3Bs%3A32%3A%22ZnEh6ETatLGuRFEbsl1LavPYa7sevoFw%22%3B%7D'
    'PATH' => 'C:\\ProgramData\\Oracle\\Java\\javapath;C:\\oracle\\product\\11.2.0\\client_1\\bin;c:\\Program Files (x86)\\Intel\\iCLS Client\\;c:\\Program Files\\Intel\\iCLS Client\\;C:\\windows\\system32;C:\\windows;C:\\windows\\System32\\Wbem;C:\\windows\\System32\\WindowsPowerShell\\v1.0\\;C:\\Program Files\\Intel\\Intel(R) Management Engine Components\\DAL;C:\\Program Files\\Intel\\Intel(R) Management Engine Components\\IPT;C:\\Program Files (x86)\\Intel\\Intel(R) Management Engine Components\\DAL;C:\\Program Files (x86)\\Intel\\Intel(R) Management Engine Components\\IPT;C:\\instantclient;C:\\Program Files (x86)\\Microsoft SQL Server\\100\\Tools\\Binn\\;C:\\Program Files\\Microsoft SQL Server\\100\\Tools\\Binn\\;C:\\Program Files\\Microsoft SQL Server\\100\\DTS\\Binn\\;C:\\Program Files (x86)\\Microsoft SQL Server\\100\\Tools\\Binn\\VSShell\\Common7\\IDE\\;C:\\Program Files (x86)\\Microsoft Visual Studio 9.0\\Common7\\IDE\\PrivateAssemblies\\;C:\\Program Files (x86)\\Microsoft SQL Server\\100\\DTS\\Binn\\;C:\\Program Files (x86)\\Microsoft SQL Server Migration Assistant for Oracle\\bin\\;C:\\Program Files\\gradle-2.11\\bin;C:\\Users\\mcorro\\AppData\\Local\\atom\\bin'
    'SystemRoot' => 'C:\\windows'
    'COMSPEC' => 'C:\\windows\\system32\\cmd.exe'
    'PATHEXT' => '.COM;.EXE;.BAT;.CMD;.VBS;.VBE;.JS;.JSE;.WSF;.WSH;.MSC'
    'WINDIR' => 'C:\\windows'
    'SERVER_SIGNATURE' => '<address>Apache/2.4.12 (Win32) OpenSSL/1.0.1m PHP/5.6.11 Server at localhost Port 80</address>
'
    'SERVER_SOFTWARE' => 'Apache/2.4.12 (Win32) OpenSSL/1.0.1m PHP/5.6.11'
    'SERVER_NAME' => 'localhost'
    'SERVER_ADDR' => '::1'
    'SERVER_PORT' => '80'
    'REMOTE_ADDR' => '::1'
    'DOCUMENT_ROOT' => 'C:/xampp/htdocs'
    'REQUEST_SCHEME' => 'http'
    'CONTEXT_PREFIX' => ''
    'CONTEXT_DOCUMENT_ROOT' => 'C:/xampp/htdocs'
    'SERVER_ADMIN' => 'postmaster@localhost'
    'SCRIPT_FILENAME' => 'C:/xampp/htdocs/yii2-advanced-api/api/web/index.php'
    'REMOTE_PORT' => '53202'
    'REDIRECT_URL' => '/yii2-advanced-api/api/web/v1/countries'
    'GATEWAY_INTERFACE' => 'CGI/1.1'
    'SERVER_PROTOCOL' => 'HTTP/1.1'
    'REQUEST_METHOD' => 'GET'
    'QUERY_STRING' => ''
    'REQUEST_URI' => '/yii2-advanced-api/api/web/v1/countries'
    'SCRIPT_NAME' => '/yii2-advanced-api/api/web/index.php'
    'PHP_SELF' => '/yii2-advanced-api/api/web/index.php'
    'REQUEST_TIME_FLOAT' => 1465861506.233
    'REQUEST_TIME' => 1465861506
]
2016-06-14 01:48:00 [::1][-][-][error][yii\base\UnknownPropertyException] exception 'yii\base\UnknownPropertyException' with message 'Getting unknown property: api\modules\v1\models\Country::code' in C:\xampp\htdocs\yii2-advanced-api\vendor\yiisoft\yii2\base\Component.php:143
Stack trace:
#0 C:\xampp\htdocs\yii2-advanced-api\vendor\yiisoft\yii2\db\BaseActiveRecord.php(252): yii\base\Component->__get('code')
#1 C:\xampp\htdocs\yii2-advanced-api\vendor\yiisoft\yii2\base\Model.php(984): yii\db\BaseActiveRecord->__get('code')
#2 C:\xampp\htdocs\yii2-advanced-api\vendor\yiisoft\yii2\data\ActiveDataProvider.php(138): yii\base\Model->offsetGet('code')
#3 C:\xampp\htdocs\yii2-advanced-api\vendor\yiisoft\yii2\data\BaseDataProvider.php(82): yii\data\ActiveDataProvider->prepareKeys(Array)
#4 C:\xampp\htdocs\yii2-advanced-api\vendor\yiisoft\yii2\data\BaseDataProvider.php(92): yii\data\BaseDataProvider->prepare()
#5 C:\xampp\htdocs\yii2-advanced-api\vendor\yiisoft\yii2\rest\Serializer.php(174): yii\data\BaseDataProvider->getModels()
#6 C:\xampp\htdocs\yii2-advanced-api\vendor\yiisoft\yii2\rest\Serializer.php(143): yii\rest\Serializer->serializeDataProvider(Object(yii\data\ActiveDataProvider))
#7 C:\xampp\htdocs\yii2-advanced-api\vendor\yiisoft\yii2\rest\Controller.php(97): yii\rest\Serializer->serialize(Object(yii\data\ActiveDataProvider))
#8 C:\xampp\htdocs\yii2-advanced-api\vendor\yiisoft\yii2\rest\Controller.php(75): yii\rest\Controller->serializeData(Object(yii\data\ActiveDataProvider))
#9 C:\xampp\htdocs\yii2-advanced-api\vendor\yiisoft\yii2\base\Controller.php(156): yii\rest\Controller->afterAction(Object(yii\rest\IndexAction), Object(yii\data\ActiveDataProvider))
#10 C:\xampp\htdocs\yii2-advanced-api\vendor\yiisoft\yii2\base\Module.php(454): yii\base\Controller->runAction('index', Array)
#11 C:\xampp\htdocs\yii2-advanced-api\vendor\yiisoft\yii2\web\Application.php(84): yii\base\Module->runAction('v1/country/inde...', Array)
#12 C:\xampp\htdocs\yii2-advanced-api\vendor\yiisoft\yii2\base\Application.php(375): yii\web\Application->handleRequest(Object(yii\web\Request))
#13 C:\xampp\htdocs\yii2-advanced-api\api\web\index.php(17): yii\base\Application->run()
#14 {main}
2016-06-14 01:48:00 [::1][-][-][info][application] $_COOKIE = [
    'PHPSESSID' => 'k3d0dgd8pdo5o3j9cqudie85v2'
    '_csrf' => 'f298e0794cc578624cb91bcdd9e78afe1fbcb89c79e0c5453e2c3202d1a89f3ca:2:{i:0;s:5:\"_csrf\";i:1;s:32:\"ZnEh6ETatLGuRFEbsl1LavPYa7sevoFw\";}'
]

$_SERVER = [
    'REDIRECT_MIBDIRS' => 'C:/xampp/php/extras/mibs'
    'REDIRECT_MYSQL_HOME' => '\\xampp\\mysql\\bin'
    'REDIRECT_OPENSSL_CONF' => 'C:/xampp/apache/bin/openssl.cnf'
    'REDIRECT_PHP_PEAR_SYSCONF_DIR' => '\\xampp\\php'
    'REDIRECT_PHPRC' => '\\xampp\\php'
    'REDIRECT_TMP' => '\\xampp\\tmp'
    'REDIRECT_STATUS' => '200'
    'MIBDIRS' => 'C:/xampp/php/extras/mibs'
    'MYSQL_HOME' => '\\xampp\\mysql\\bin'
    'OPENSSL_CONF' => 'C:/xampp/apache/bin/openssl.cnf'
    'PHP_PEAR_SYSCONF_DIR' => '\\xampp\\php'
    'PHPRC' => '\\xampp\\php'
    'TMP' => '\\xampp\\tmp'
    'HTTP_HOST' => 'localhost'
    'HTTP_CONNECTION' => 'keep-alive'
    'HTTP_CACHE_CONTROL' => 'no-cache'
    'HTTP_USER_AGENT' => 'Mozilla/5.0 (Windows NT 6.1; WOW64) AppleWebKit/537.36 (KHTML, like Gecko) Chrome/51.0.2704.84 Safari/537.36'
    'HTTP_POSTMAN_TOKEN' => '091ba6ff-95ca-7dfa-a0a8-f3f468a4dd68'
    'HTTP_ACCEPT' => '*/*'
    'HTTP_ACCEPT_ENCODING' => 'gzip, deflate, sdch'
    'HTTP_ACCEPT_LANGUAGE' => 'es-ES,es;q=0.8'
    'HTTP_COOKIE' => 'PHPSESSID=k3d0dgd8pdo5o3j9cqudie85v2; _csrf=f298e0794cc578624cb91bcdd9e78afe1fbcb89c79e0c5453e2c3202d1a89f3ca%3A2%3A%7Bi%3A0%3Bs%3A5%3A%22_csrf%22%3Bi%3A1%3Bs%3A32%3A%22ZnEh6ETatLGuRFEbsl1LavPYa7sevoFw%22%3B%7D'
    'PATH' => 'C:\\ProgramData\\Oracle\\Java\\javapath;C:\\oracle\\product\\11.2.0\\client_1\\bin;c:\\Program Files (x86)\\Intel\\iCLS Client\\;c:\\Program Files\\Intel\\iCLS Client\\;C:\\windows\\system32;C:\\windows;C:\\windows\\System32\\Wbem;C:\\windows\\System32\\WindowsPowerShell\\v1.0\\;C:\\Program Files\\Intel\\Intel(R) Management Engine Components\\DAL;C:\\Program Files\\Intel\\Intel(R) Management Engine Components\\IPT;C:\\Program Files (x86)\\Intel\\Intel(R) Management Engine Components\\DAL;C:\\Program Files (x86)\\Intel\\Intel(R) Management Engine Components\\IPT;C:\\instantclient;C:\\Program Files (x86)\\Microsoft SQL Server\\100\\Tools\\Binn\\;C:\\Program Files\\Microsoft SQL Server\\100\\Tools\\Binn\\;C:\\Program Files\\Microsoft SQL Server\\100\\DTS\\Binn\\;C:\\Program Files (x86)\\Microsoft SQL Server\\100\\Tools\\Binn\\VSShell\\Common7\\IDE\\;C:\\Program Files (x86)\\Microsoft Visual Studio 9.0\\Common7\\IDE\\PrivateAssemblies\\;C:\\Program Files (x86)\\Microsoft SQL Server\\100\\DTS\\Binn\\;C:\\Program Files (x86)\\Microsoft SQL Server Migration Assistant for Oracle\\bin\\;C:\\Program Files\\gradle-2.11\\bin;C:\\Users\\mcorro\\AppData\\Local\\atom\\bin'
    'SystemRoot' => 'C:\\windows'
    'COMSPEC' => 'C:\\windows\\system32\\cmd.exe'
    'PATHEXT' => '.COM;.EXE;.BAT;.CMD;.VBS;.VBE;.JS;.JSE;.WSF;.WSH;.MSC'
    'WINDIR' => 'C:\\windows'
    'SERVER_SIGNATURE' => '<address>Apache/2.4.12 (Win32) OpenSSL/1.0.1m PHP/5.6.11 Server at localhost Port 80</address>
'
    'SERVER_SOFTWARE' => 'Apache/2.4.12 (Win32) OpenSSL/1.0.1m PHP/5.6.11'
    'SERVER_NAME' => 'localhost'
    'SERVER_ADDR' => '::1'
    'SERVER_PORT' => '80'
    'REMOTE_ADDR' => '::1'
    'DOCUMENT_ROOT' => 'C:/xampp/htdocs'
    'REQUEST_SCHEME' => 'http'
    'CONTEXT_PREFIX' => ''
    'CONTEXT_DOCUMENT_ROOT' => 'C:/xampp/htdocs'
    'SERVER_ADMIN' => 'postmaster@localhost'
    'SCRIPT_FILENAME' => 'C:/xampp/htdocs/yii2-advanced-api/api/web/index.php'
    'REMOTE_PORT' => '53225'
    'REDIRECT_URL' => '/yii2-advanced-api/api/web/v1/country'
    'GATEWAY_INTERFACE' => 'CGI/1.1'
    'SERVER_PROTOCOL' => 'HTTP/1.1'
    'REQUEST_METHOD' => 'GET'
    'QUERY_STRING' => ''
    'REQUEST_URI' => '/yii2-advanced-api/api/web/v1/country'
    'SCRIPT_NAME' => '/yii2-advanced-api/api/web/index.php'
    'PHP_SELF' => '/yii2-advanced-api/api/web/index.php'
    'REQUEST_TIME_FLOAT' => 1465861680.768
    'REQUEST_TIME' => 1465861680
]
2016-06-14 02:07:37 [::1][-][-][error][yii\web\HttpException:404] exception 'yii\web\NotFoundHttpException' with message 'Page not found.' in C:\xampp\htdocs\yii2-advanced-api\vendor\yiisoft\yii2\web\Request.php:189
Stack trace:
#0 C:\xampp\htdocs\yii2-advanced-api\vendor\yiisoft\yii2\web\Application.php(75): yii\web\Request->resolve()
#1 C:\xampp\htdocs\yii2-advanced-api\vendor\yiisoft\yii2\base\Application.php(375): yii\web\Application->handleRequest(Object(yii\web\Request))
#2 C:\xampp\htdocs\yii2-advanced-api\api\web\index.php(17): yii\base\Application->run()
#3 {main}
2016-06-14 02:07:37 [::1][-][-][info][application] $_COOKIE = [
    'PHPSESSID' => 'k3d0dgd8pdo5o3j9cqudie85v2'
    '_csrf' => 'f298e0794cc578624cb91bcdd9e78afe1fbcb89c79e0c5453e2c3202d1a89f3ca:2:{i:0;s:5:\"_csrf\";i:1;s:32:\"ZnEh6ETatLGuRFEbsl1LavPYa7sevoFw\";}'
]

$_SERVER = [
    'REDIRECT_MIBDIRS' => 'C:/xampp/php/extras/mibs'
    'REDIRECT_MYSQL_HOME' => '\\xampp\\mysql\\bin'
    'REDIRECT_OPENSSL_CONF' => 'C:/xampp/apache/bin/openssl.cnf'
    'REDIRECT_PHP_PEAR_SYSCONF_DIR' => '\\xampp\\php'
    'REDIRECT_PHPRC' => '\\xampp\\php'
    'REDIRECT_TMP' => '\\xampp\\tmp'
    'REDIRECT_STATUS' => '200'
    'MIBDIRS' => 'C:/xampp/php/extras/mibs'
    'MYSQL_HOME' => '\\xampp\\mysql\\bin'
    'OPENSSL_CONF' => 'C:/xampp/apache/bin/openssl.cnf'
    'PHP_PEAR_SYSCONF_DIR' => '\\xampp\\php'
    'PHPRC' => '\\xampp\\php'
    'TMP' => '\\xampp\\tmp'
    'HTTP_HOST' => 'localhost'
    'HTTP_CONNECTION' => 'keep-alive'
    'HTTP_CACHE_CONTROL' => 'no-cache'
    'HTTP_USER_AGENT' => 'Mozilla/5.0 (Windows NT 6.1; WOW64) AppleWebKit/537.36 (KHTML, like Gecko) Chrome/51.0.2704.84 Safari/537.36'
    'HTTP_POSTMAN_TOKEN' => 'c01d387b-b7cb-dcd7-e145-2ac2571414b8'
    'HTTP_ACCEPT' => '*/*'
    'HTTP_ACCEPT_ENCODING' => 'gzip, deflate, sdch'
    'HTTP_ACCEPT_LANGUAGE' => 'es-ES,es;q=0.8'
    'HTTP_COOKIE' => 'PHPSESSID=k3d0dgd8pdo5o3j9cqudie85v2; _csrf=f298e0794cc578624cb91bcdd9e78afe1fbcb89c79e0c5453e2c3202d1a89f3ca%3A2%3A%7Bi%3A0%3Bs%3A5%3A%22_csrf%22%3Bi%3A1%3Bs%3A32%3A%22ZnEh6ETatLGuRFEbsl1LavPYa7sevoFw%22%3B%7D'
    'PATH' => 'C:\\ProgramData\\Oracle\\Java\\javapath;C:\\oracle\\product\\11.2.0\\client_1\\bin;c:\\Program Files (x86)\\Intel\\iCLS Client\\;c:\\Program Files\\Intel\\iCLS Client\\;C:\\windows\\system32;C:\\windows;C:\\windows\\System32\\Wbem;C:\\windows\\System32\\WindowsPowerShell\\v1.0\\;C:\\Program Files\\Intel\\Intel(R) Management Engine Components\\DAL;C:\\Program Files\\Intel\\Intel(R) Management Engine Components\\IPT;C:\\Program Files (x86)\\Intel\\Intel(R) Management Engine Components\\DAL;C:\\Program Files (x86)\\Intel\\Intel(R) Management Engine Components\\IPT;C:\\instantclient;C:\\Program Files (x86)\\Microsoft SQL Server\\100\\Tools\\Binn\\;C:\\Program Files\\Microsoft SQL Server\\100\\Tools\\Binn\\;C:\\Program Files\\Microsoft SQL Server\\100\\DTS\\Binn\\;C:\\Program Files (x86)\\Microsoft SQL Server\\100\\Tools\\Binn\\VSShell\\Common7\\IDE\\;C:\\Program Files (x86)\\Microsoft Visual Studio 9.0\\Common7\\IDE\\PrivateAssemblies\\;C:\\Program Files (x86)\\Microsoft SQL Server\\100\\DTS\\Binn\\;C:\\Program Files (x86)\\Microsoft SQL Server Migration Assistant for Oracle\\bin\\;C:\\Program Files\\gradle-2.11\\bin;C:\\Users\\mcorro\\AppData\\Local\\atom\\bin'
    'SystemRoot' => 'C:\\windows'
    'COMSPEC' => 'C:\\windows\\system32\\cmd.exe'
    'PATHEXT' => '.COM;.EXE;.BAT;.CMD;.VBS;.VBE;.JS;.JSE;.WSF;.WSH;.MSC'
    'WINDIR' => 'C:\\windows'
    'SERVER_SIGNATURE' => '<address>Apache/2.4.12 (Win32) OpenSSL/1.0.1m PHP/5.6.11 Server at localhost Port 80</address>
'
    'SERVER_SOFTWARE' => 'Apache/2.4.12 (Win32) OpenSSL/1.0.1m PHP/5.6.11'
    'SERVER_NAME' => 'localhost'
    'SERVER_ADDR' => '::1'
    'SERVER_PORT' => '80'
    'REMOTE_ADDR' => '::1'
    'DOCUMENT_ROOT' => 'C:/xampp/htdocs'
    'REQUEST_SCHEME' => 'http'
    'CONTEXT_PREFIX' => ''
    'CONTEXT_DOCUMENT_ROOT' => 'C:/xampp/htdocs'
    'SERVER_ADMIN' => 'postmaster@localhost'
    'SCRIPT_FILENAME' => 'C:/xampp/htdocs/yii2-advanced-api/api/web/index.php'
    'REMOTE_PORT' => '53555'
    'REDIRECT_URL' => '/yii2-advanced-api/api/web/v1/country'
    'GATEWAY_INTERFACE' => 'CGI/1.1'
    'SERVER_PROTOCOL' => 'HTTP/1.1'
    'REQUEST_METHOD' => 'GET'
    'QUERY_STRING' => ''
    'REQUEST_URI' => '/yii2-advanced-api/api/web/v1/country'
    'SCRIPT_NAME' => '/yii2-advanced-api/api/web/index.php'
    'PHP_SELF' => '/yii2-advanced-api/api/web/index.php'
    'REQUEST_TIME_FLOAT' => 1465862857
    'REQUEST_TIME' => 1465862857
]
2016-06-14 02:08:50 [::1][-][-][error][yii\web\HttpException:404] exception 'yii\web\NotFoundHttpException' with message 'Object not found: ID' in C:\xampp\htdocs\yii2-advanced-api\vendor\yiisoft\yii2\rest\Action.php:101
Stack trace:
#0 C:\xampp\htdocs\yii2-advanced-api\vendor\yiisoft\yii2\rest\ViewAction.php(27): yii\rest\Action->findModel('ID')
#1 [internal function]: yii\rest\ViewAction->run('ID')
#2 C:\xampp\htdocs\yii2-advanced-api\vendor\yiisoft\yii2\base\Action.php(92): call_user_func_array(Array, Array)
#3 C:\xampp\htdocs\yii2-advanced-api\vendor\yiisoft\yii2\base\Controller.php(154): yii\base\Action->runWithParams(Array)
#4 C:\xampp\htdocs\yii2-advanced-api\vendor\yiisoft\yii2\base\Module.php(454): yii\base\Controller->runAction('view', Array)
#5 C:\xampp\htdocs\yii2-advanced-api\vendor\yiisoft\yii2\web\Application.php(84): yii\base\Module->runAction('v1/country/view', Array)
#6 C:\xampp\htdocs\yii2-advanced-api\vendor\yiisoft\yii2\base\Application.php(375): yii\web\Application->handleRequest(Object(yii\web\Request))
#7 C:\xampp\htdocs\yii2-advanced-api\api\web\index.php(17): yii\base\Application->run()
#8 {main}
2016-06-14 02:08:50 [::1][-][-][info][application] $_GET = [
    'id' => 'ID'
]

$_COOKIE = [
    'PHPSESSID' => 'k3d0dgd8pdo5o3j9cqudie85v2'
    '_csrf' => 'f298e0794cc578624cb91bcdd9e78afe1fbcb89c79e0c5453e2c3202d1a89f3ca:2:{i:0;s:5:\"_csrf\";i:1;s:32:\"ZnEh6ETatLGuRFEbsl1LavPYa7sevoFw\";}'
]

$_SERVER = [
    'REDIRECT_MIBDIRS' => 'C:/xampp/php/extras/mibs'
    'REDIRECT_MYSQL_HOME' => '\\xampp\\mysql\\bin'
    'REDIRECT_OPENSSL_CONF' => 'C:/xampp/apache/bin/openssl.cnf'
    'REDIRECT_PHP_PEAR_SYSCONF_DIR' => '\\xampp\\php'
    'REDIRECT_PHPRC' => '\\xampp\\php'
    'REDIRECT_TMP' => '\\xampp\\tmp'
    'REDIRECT_STATUS' => '200'
    'MIBDIRS' => 'C:/xampp/php/extras/mibs'
    'MYSQL_HOME' => '\\xampp\\mysql\\bin'
    'OPENSSL_CONF' => 'C:/xampp/apache/bin/openssl.cnf'
    'PHP_PEAR_SYSCONF_DIR' => '\\xampp\\php'
    'PHPRC' => '\\xampp\\php'
    'TMP' => '\\xampp\\tmp'
    'HTTP_HOST' => 'localhost'
    'HTTP_CONNECTION' => 'keep-alive'
    'HTTP_CACHE_CONTROL' => 'no-cache'
    'HTTP_USER_AGENT' => 'Mozilla/5.0 (Windows NT 6.1; WOW64) AppleWebKit/537.36 (KHTML, like Gecko) Chrome/51.0.2704.84 Safari/537.36'
    'HTTP_POSTMAN_TOKEN' => '5767d8a4-eceb-7bfd-b9a2-7b56e1e6a130'
    'HTTP_ACCEPT' => '*/*'
    'HTTP_ACCEPT_ENCODING' => 'gzip, deflate, sdch'
    'HTTP_ACCEPT_LANGUAGE' => 'es-ES,es;q=0.8'
    'HTTP_COOKIE' => 'PHPSESSID=k3d0dgd8pdo5o3j9cqudie85v2; _csrf=f298e0794cc578624cb91bcdd9e78afe1fbcb89c79e0c5453e2c3202d1a89f3ca%3A2%3A%7Bi%3A0%3Bs%3A5%3A%22_csrf%22%3Bi%3A1%3Bs%3A32%3A%22ZnEh6ETatLGuRFEbsl1LavPYa7sevoFw%22%3B%7D'
    'PATH' => 'C:\\ProgramData\\Oracle\\Java\\javapath;C:\\oracle\\product\\11.2.0\\client_1\\bin;c:\\Program Files (x86)\\Intel\\iCLS Client\\;c:\\Program Files\\Intel\\iCLS Client\\;C:\\windows\\system32;C:\\windows;C:\\windows\\System32\\Wbem;C:\\windows\\System32\\WindowsPowerShell\\v1.0\\;C:\\Program Files\\Intel\\Intel(R) Management Engine Components\\DAL;C:\\Program Files\\Intel\\Intel(R) Management Engine Components\\IPT;C:\\Program Files (x86)\\Intel\\Intel(R) Management Engine Components\\DAL;C:\\Program Files (x86)\\Intel\\Intel(R) Management Engine Components\\IPT;C:\\instantclient;C:\\Program Files (x86)\\Microsoft SQL Server\\100\\Tools\\Binn\\;C:\\Program Files\\Microsoft SQL Server\\100\\Tools\\Binn\\;C:\\Program Files\\Microsoft SQL Server\\100\\DTS\\Binn\\;C:\\Program Files (x86)\\Microsoft SQL Server\\100\\Tools\\Binn\\VSShell\\Common7\\IDE\\;C:\\Program Files (x86)\\Microsoft Visual Studio 9.0\\Common7\\IDE\\PrivateAssemblies\\;C:\\Program Files (x86)\\Microsoft SQL Server\\100\\DTS\\Binn\\;C:\\Program Files (x86)\\Microsoft SQL Server Migration Assistant for Oracle\\bin\\;C:\\Program Files\\gradle-2.11\\bin;C:\\Users\\mcorro\\AppData\\Local\\atom\\bin'
    'SystemRoot' => 'C:\\windows'
    'COMSPEC' => 'C:\\windows\\system32\\cmd.exe'
    'PATHEXT' => '.COM;.EXE;.BAT;.CMD;.VBS;.VBE;.JS;.JSE;.WSF;.WSH;.MSC'
    'WINDIR' => 'C:\\windows'
    'SERVER_SIGNATURE' => '<address>Apache/2.4.12 (Win32) OpenSSL/1.0.1m PHP/5.6.11 Server at localhost Port 80</address>
'
    'SERVER_SOFTWARE' => 'Apache/2.4.12 (Win32) OpenSSL/1.0.1m PHP/5.6.11'
    'SERVER_NAME' => 'localhost'
    'SERVER_ADDR' => '::1'
    'SERVER_PORT' => '80'
    'REMOTE_ADDR' => '::1'
    'DOCUMENT_ROOT' => 'C:/xampp/htdocs'
    'REQUEST_SCHEME' => 'http'
    'CONTEXT_PREFIX' => ''
    'CONTEXT_DOCUMENT_ROOT' => 'C:/xampp/htdocs'
    'SERVER_ADMIN' => 'postmaster@localhost'
    'SCRIPT_FILENAME' => 'C:/xampp/htdocs/yii2-advanced-api/api/web/index.php'
    'REMOTE_PORT' => '53591'
    'REDIRECT_URL' => '/yii2-advanced-api/api/web/v1/countries/ID'
    'GATEWAY_INTERFACE' => 'CGI/1.1'
    'SERVER_PROTOCOL' => 'HTTP/1.1'
    'REQUEST_METHOD' => 'GET'
    'QUERY_STRING' => ''
    'REQUEST_URI' => '/yii2-advanced-api/api/web/v1/countries/ID'
    'SCRIPT_NAME' => '/yii2-advanced-api/api/web/index.php'
    'PHP_SELF' => '/yii2-advanced-api/api/web/index.php'
    'REQUEST_TIME_FLOAT' => 1465862930.25
    'REQUEST_TIME' => 1465862930
]
